<?xml version="1.0" encoding="UTF-8"?>
<testsuite xmlns:xsi="http://www.w3.org/2001/XMLSchema-instance" xsi:noNamespaceSchemaLocation="https://maven.apache.org/surefire/maven-surefire-plugin/xsd/surefire-test-report-3.0.xsd" version="3.0" name="com.example.runners.TestRunner" time="2.208" tests="4" errors="0" skipped="0" failures="0">
  <properties>
[...]
</properties>
  <testcase name="Create a new user" classname="User API Testing with reqres.in" time="1.206">
    <system-out><![CDATA[
Scenario: Create a new user                              # src/test/resources/features/user.feature:6
  Given I set POST endpoint for user                     # com.example.steps.UserSteps.i_set_post_endpoint_for_user()
  When I send POST request with name "John" and job "QA" # com.example.steps.UserSteps.i_send_post_request(java.lang.String,java.lang.String)
  Then I receive valid status code 201                   # com.example.steps.UserSteps.i_receive_status_code(int)
  And Response should contain name "John" and job "QA"   # com.example.steps.UserSteps.response_should_contain_name_and_job(java.lang.String,java.lang.String)
]]></system-out>
  </testcase>
  <testcase name="Get a list of users" classname="User API Testing with reqres.in" time="0.061">
    <system-out><![CDATA[
Scenario: Get a list of users          # src/test/resources/features/user.feature:12
  Given I set GET endpoint for users   # com.example.steps.UserSteps.i_set_get_endpoint_for_users()
  When I send GET request              # com.example.steps.UserSteps.i_send_get_request()
  Then I receive valid status code 200 # com.example.steps.UserSteps.i_receive_status_code(int)
  And Response should contain "data"   # com.example.steps.UserSteps.response_should_contain(java.lang.String)
]]></system-out>
  </testcase>
  <testcase name="Update an existing user" classname="User API Testing with reqres.in" time="0.408">
    <system-out><![CDATA[
Scenario: Update an existing user                                     # src/test/resources/features/user.feature:18
  Given I set PUT endpoint for user with id 2                         # com.example.steps.UserSteps.i_set_put_endpoint_for_user_with_id(java.lang.Integer)
  When I send PUT request with name "Mike" and job "Developer"        # com.example.steps.UserSteps.i_send_put_request(java.lang.String,java.lang.String)
  Then I receive valid status code 200                                # com.example.steps.UserSteps.i_receive_status_code(int)
  And Response should contain updated name "Mike" and job "Developer" # com.example.steps.UserSteps.response_should_contain_updated_data(java.lang.String,java.lang.String)
]]></system-out>
  </testcase>
  <testcase name="Delete a user" classname="User API Testing with reqres.in" time="0.241">
    <system-out><![CDATA[
Scenario: Delete a user                          # src/test/resources/features/user.feature:24
  Given I set DELETE endpoint for user with id 2 # com.example.steps.UserSteps.i_set_delete_endpoint_for_user_with_id(java.lang.Integer)
  When I send DELETE request                     # com.example.steps.UserSteps.i_send_delete_request()
  Then I receive valid status code 204           # com.example.steps.UserSteps.i_receive_status_code(int)
]]></system-out>
  </testcase>
</testsuite>